irmaDEVICE-new/app/build/intermediates/manifest_merge_blame_file/debug/manifest-merger-blame-debug-report.txt
1<?xml version="1.0" encoding="utf-8"?>
2<manifest xmlns:android="http://schemas.android.com/apk/res/android"
3    package="processing.test.devicesender3_1"
4    android:versionCode="1"
5    android:versionName="1.0" >
6
7    <uses-sdk
7-->src/main/AndroidManifest.xml:3:5-73
8        android:minSdkVersion="17"
8-->src/main/AndroidManifest.xml:3:15-41
9        android:targetSdkVersion="27" />
9-->src/main/AndroidManifest.xml:3:42-71
10
11    <uses-permission android:name="android.permission.INTERNET" />
11-->src/main/AndroidManifest.xml:14:5-66
11-->src/main/AndroidManifest.xml:14:22-64
12    <uses-permission android:name="android.permission.READ_EXTERNAL_STORAGE" />
12-->src/main/AndroidManifest.xml:15:5-79
12-->src/main/AndroidManifest.xml:15:22-77
13    <uses-permission android:name="android.permission.WRITE_EXTERNAL_STORAGE" />
13-->src/main/AndroidManifest.xml:16:5-80
13-->src/main/AndroidManifest.xml:16:22-78
14    <uses-permission android:name="android.permission.WRITE_SETTINGS" />
14-->src/main/AndroidManifest.xml:17:5-72
14-->src/main/AndroidManifest.xml:17:22-70
15
16    <application
16-->src/main/AndroidManifest.xml:4:5-12:19
17        android:debuggable="true"
18        android:icon="@drawable/icon"
18-->src/main/AndroidManifest.xml:4:18-47
19        android:label="deviceSender3_1"
19-->src/main/AndroidManifest.xml:4:48-79
20        android:testOnly="true" >
21        <activity
21-->src/main/AndroidManifest.xml:5:9-10:20
22            android:name="processing.test.devicesender3_1.MainActivity"
22-->src/main/AndroidManifest.xml:5:19-47
23            android:screenOrientation="landscape"
23-->src/main/AndroidManifest.xml:5:48-85
24            android:theme="@style/Theme.AppCompat.Light.NoActionBar.FullScreen" >
24-->src/main/AndroidManifest.xml:5:86-153
25            <intent-filter>
25-->src/main/AndroidManifest.xml:6:13-9:29
26                <action android:name="android.intent.action.MAIN" />
26-->src/main/AndroidManifest.xml:7:17-68
26-->src/main/AndroidManifest.xml:7:25-66
27
28                <category android:name="android.intent.category.LAUNCHER" />
28-->src/main/AndroidManifest.xml:8:17-76
28-->src/main/AndroidManifest.xml:8:27-74
29            </intent-filter>
30        </activity>
31        <activity
31-->src/main/AndroidManifest.xml:11:9-92
32            android:name="processing.test.devicesender3_1.SettingsActivity"
32-->src/main/AndroidManifest.xml:11:19-51
33            android:screenOrientation="landscape" />
33-->src/main/AndroidManifest.xml:11:52-89
34    </application>
35
36</manifest>